<?xml version="1.0" encoding="UTF-8"?>
<!-- Generated by org.testng.reporters.JUnitReportReporter -->
<testsuite hostname="LAPTOP-22SI24EH" failures="0" tests="1" name="practicemaven.Demo" time="0.005" errors="0" timestamp="2023-04-19T13:22:59 IST" skipped="0">
  <testcase classname="practicemaven.Demo" name="method" time="0.005"/>
  <system-out/>
</testsuite> <!-- practicemaven.Demo -->
