<?xml version="1.0" encoding="UTF-8"?>
<!-- Generated by org.testng.reporters.JUnitReportReporter -->
<testsuite hostname="LAPTOP-22SI24EH" failures="0" tests="1" name="practicemaven.SmokeEx" time="0.009" errors="0" timestamp="2023-04-20T15:59:49 IST" skipped="0">
  <testcase classname="practicemaven.SmokeEx" name="m1" time="0.009"/>
  <system-out/>
</testsuite> <!-- practicemaven.SmokeEx -->
